<?xml version="1.0" encoding="UTF-8" ?>
<testsuite errors="0" failures="0" hostname="suti" name="tests.ScheduleTest" tests="5" time="0.049" timestamp="2011-04-12T03:10:52">
  <properties>
[...]
</properties>
  <testcase classname="tests.ScheduleTest" name="testAllConstructors" time="0.002" />
  <testcase classname="tests.ScheduleTest" name="testAllSetSchedules" time="0.0" />
  <testcase classname="tests.ScheduleTest" name="testSetPeriod" time="0.001" />
  <testcase classname="tests.ScheduleTest" name="testAddEvent" time="0.002" />
  <testcase classname="tests.ScheduleTest" name="testAddEventWhenWrongDay" time="0.0" />
  <system-out><![CDATA[]]></system-out>
  <system-err><![CDATA[]]></system-err>
</testsuite>
